<?xml version="1.0" encoding="UTF-8"?>
<testsuite xmlns:xsi="http://www.w3.org/2001/XMLSchema-instance" xsi:noNamespaceSchemaLocation="https://maven.apache.org/surefire/maven-surefire-plugin/xsd/surefire-test-report-3.0.xsd" version="3.0" name="org.example.juegofinalsupremo.DataStructuresTest" time="0.049" tests="3" errors="0" skipped="0" failures="0">
  <properties>
[...]
</properties>
  <testcase name="queueRespectsFifoOrder" classname="org.example.juegofinalsupremo.DataStructuresTest" time="0.02"/>
  <testcase name="stackRespectsLifoOrder" classname="org.example.juegofinalsupremo.DataStructuresTest" time="0.003"/>
  <testcase name="listAddsFindsAndRemoves" classname="org.example.juegofinalsupremo.DataStructuresTest" time="0.002"/>
</testsuite>